<?xml version="1.0" encoding="UTF-8"?>
<testsuite xmlns:xsi="http://www.w3.org/2001/XMLSchema-instance" xsi:noNamespaceSchemaLocation="https://maven.apache.org/surefire/maven-surefire-plugin/xsd/surefire-test-report-3.0.xsd" version="3.0" name="com.ticket.aichat.AiChatServiceContextIT" time="22.364" tests="1" errors="0" skipped="0" failures="0">
  <properties>
[...]
</properties>
  <testcase name="contextLoads" classname="com.ticket.aichat.AiChatServiceContextIT" time="0.288">
    <system-out><![CDATA[17:31:54.408 [main] INFO org.springframework.test.context.support.AnnotationConfigContextLoaderUtils -- Could not detect default configuration classes for test class [com.ticket.aichat.AiChatServiceContextIT]: AiChatServiceContextIT does not declare any static, non-private, non-final, nested classes annotated with @Configuration.
17:31:54.599 [main] INFO org.springframework.boot.test.context.SpringBootTestContextBootstrapper -- Found @SpringBootConfiguration com.ticket.aichat.AiChatServiceApplication for test class com.ticket.aichat.AiChatServiceContextIT
17:31:55,404 |-INFO in ch.qos.logback.core.joran.util.ConfigurationWatchListUtil@47ffe971 - Adding [jar:file:/C:/Users/LENOVO/.m2/repository/org/springframework/boot/spring-boot/3.2.0/spring-boot-3.2.0.jar!/org/springframework/boot/logging/logback/defaults.xml] to configuration watch list.
17:31:55,404 |-INFO in ch.qos.logback.core.joran.spi.ConfigurationWatchList@7d04529c - URL [jar:file:/C:/Users/LENOVO/.m2/repository/org/springframework/boot/spring-boot/3.2.0/spring-boot-3.2.0.jar!/org/springframework/boot/logging/logback/defaults.xml] is not of type file
17:31:55,407 |-INFO in ch.qos.logback.core.joran.action.ConversionRuleAction - registering conversion word clr with class [org.springframework.boot.logging.logback.ColorConverter]
17:31:55,407 |-INFO in ch.qos.logback.core.joran.action.ConversionRuleAction - registering conversion word correlationId with class [org.springframework.boot.logging.logback.CorrelationIdConverter]
17:31:55,407 |-INFO in ch.qos.logback.core.joran.action.ConversionRuleAction - registering conversion word wex with class [org.springframework.boot.logging.logback.WhitespaceThrowableProxyConverter]
17:31:55,407 |-INFO in ch.qos.logback.core.joran.action.ConversionRuleAction - registering conversion word wEx with class [org.springframework.boot.logging.logback.ExtendedWhitespaceThrowableProxyConverter]
17:31:55,409 |-INFO in ch.qos.logback.core.joran.util.ConfigurationWatchListUtil@47ffe971 - Adding [jar:file:/C:/Users/LENOVO/.m2/repository/com/ticket/ticket-common/2.0.0/ticket-common-2.0.0.jar!/logback-base.xml] to configuration watch list.
17:31:55,409 |-INFO in ch.qos.logback.core.joran.spi.ConfigurationWatchList@7d04529c - URL [jar:file:/C:/Users/LENOVO/.m2/repository/com/ticket/ticket-common/2.0.0/ticket-common-2.0.0.jar!/logback-base.xml] is not of type file
17:31:55,450 |-INFO in ch.qos.logback.classic.model.processor.LoggerModelHandler - Setting level of logger [org.apache.catalina.startup.DigesterFactory] to ERROR
17:31:55,450 |-INFO in ch.qos.logback.classic.jul.LevelChangePropagator@14fa92af - Propagating ERROR level on Logger[org.apache.catalina.startup.DigesterFactory] onto the JUL framework
17:31:55,450 |-INFO in ch.qos.logback.classic.model.processor.LoggerModelHandler - Setting level of logger [org.apache.catalina.util.LifecycleBase] to ERROR
17:31:55,450 |-INFO in ch.qos.logback.classic.jul.LevelChangePropagator@14fa92af - Propagating ERROR level on Logger[org.apache.catalina.util.LifecycleBase] onto the JUL framework
17:31:55,450 |-INFO in ch.qos.logback.classic.model.processor.LoggerModelHandler - Setting level of logger [org.apache.coyote.http11.Http11NioProtocol] to WARN
17:31:55,450 |-INFO in ch.qos.logback.classic.jul.LevelChangePropagator@14fa92af - Propagating WARN level on Logger[org.apache.coyote.http11.Http11NioProtocol] onto the JUL framework
17:31:55,451 |-INFO in ch.qos.logback.classic.model.processor.LoggerModelHandler - Setting level of logger [org.apache.sshd.common.util.SecurityUtils] to WARN
17:31:55,451 |-INFO in ch.qos.logback.classic.jul.LevelChangePropagator@14fa92af - Propagating WARN level on Logger[org.apache.sshd.common.util.SecurityUtils] onto the JUL framework
17:31:55,451 |-INFO in ch.qos.logback.classic.model.processor.LoggerModelHandler - Setting level of logger [org.apache.tomcat.util.net.NioSelectorPool] to WARN
17:31:55,451 |-INFO in ch.qos.logback.classic.jul.LevelChangePropagator@14fa92af - Propagating WARN level on Logger[org.apache.tomcat.util.net.NioSelectorPool] onto the JUL framework
17:31:55,451 |-INFO in ch.qos.logback.classic.model.processor.LoggerModelHandler - Setting level of logger [org.eclipse.jetty.util.component.AbstractLifeCycle] to ERROR
17:31:55,451 |-INFO in ch.qos.logback.classic.jul.LevelChangePropagator@14fa92af - Propagating ERROR level on Logger[org.eclipse.jetty.util.component.AbstractLifeCycle] onto the JUL framework
17:31:55,451 |-INFO in ch.qos.logback.classic.model.processor.LoggerModelHandler - Setting level of logger [org.hibernate.validator.internal.util.Version] to WARN
17:31:55,451 |-INFO in ch.qos.logback.classic.jul.LevelChangePropagator@14fa92af - Propagating WARN level on Logger[org.hibernate.validator.internal.util.Version] onto the JUL framework
17:31:55,451 |-INFO in ch.qos.logback.classic.model.processor.LoggerModelHandler - Setting level of logger [org.springframework.boot.actuate.endpoint.jmx] to WARN
17:31:55,451 |-INFO in ch.qos.logback.classic.jul.LevelChangePropagator@14fa92af - Propagating WARN level on Logger[org.springframework.boot.actuate.endpoint.jmx] onto the JUL framework
17:31:55,451 |-INFO in ch.qos.logback.core.model.processor.AppenderModelHandler - Processing appender named [CONSOLE]
17:31:55,451 |-INFO in ch.qos.logback.core.model.processor.AppenderModelHandler - About to instantiate appender of type [ch.qos.logback.core.ConsoleAppender]
17:31:55,458 |-INFO in ch.qos.logback.core.model.processor.ImplicitModelHandler - Assuming default type [ch.qos.logback.classic.encoder.PatternLayoutEncoder] for [encoder] property
17:31:55,479 |-INFO in ch.qos.logback.core.model.processor.AppenderModelHandler - Processing appender named [FILE_JSON]
17:31:55,479 |-INFO in ch.qos.logback.core.model.processor.AppenderModelHandler - About to instantiate appender of type [ch.qos.logback.core.rolling.RollingFileAppender]
17:31:55,499 |-INFO in c.q.l.core.rolling.TimeBasedRollingPolicy@186049026 - No compression will be used
17:31:55,500 |-INFO in c.q.l.core.rolling.TimeBasedRollingPolicy@186049026 - Will use the pattern logs/%d{yyyy-MM-dd}/aichat-service-%d{yyyy-MM-dd}.%i.json.log for the active file
17:31:55,503 |-INFO in ch.qos.logback.core.rolling.SizeAndTimeBasedFNATP@339a3670 - The date pattern is 'yyyy-MM-dd' from file name pattern 'logs/%d{yyyy-MM-dd}/aichat-service-%d{yyyy-MM-dd}.%i.json.log'.
17:31:55,503 |-INFO in ch.qos.logback.core.rolling.SizeAndTimeBasedFNATP@339a3670 - Roll-over at midnight.
17:31:55,503 |-INFO in ch.qos.logback.core.rolling.SizeAndTimeBasedFNATP@339a3670 - Setting initial period to 2026-05-04T09:31:55.503Z
17:31:55,504 |-WARN in ch.qos.logback.core.rolling.SizeAndTimeBasedFNATP@339a3670 - SizeAndTimeBasedFNATP is deprecated. Use SizeAndTimeBasedRollingPolicy instead
17:31:55,504 |-WARN in ch.qos.logback.core.rolling.SizeAndTimeBasedFNATP@339a3670 - For more information see http://logback.qos.ch/manual/appenders.html#SizeAndTimeBasedRollingPolicy
17:31:55,754 |-INFO in ch.qos.logback.core.rolling.RollingFileAppender[FILE_JSON] - Active log file name: logs/2026-05-04/aichat-service-2026-05-04.0.json.log
17:31:55,755 |-INFO in ch.qos.logback.core.rolling.RollingFileAppender[FILE_JSON] - File property is set to [null]
17:31:55,755 |-INFO in ch.qos.logback.core.model.processor.AppenderModelHandler - Processing appender named [ASYNC_FILE_JSON]
17:31:55,755 |-INFO in ch.qos.logback.core.model.processor.AppenderModelHandler - About to instantiate appender of type [ch.qos.logback.classic.AsyncAppender]
17:31:55,758 |-INFO in ch.qos.logback.core.model.processor.AppenderRefModelHandler - Attaching appender named [FILE_JSON] to ch.qos.logback.classic.AsyncAppender[ASYNC_FILE_JSON]
17:31:55,758 |-INFO in ch.qos.logback.classic.AsyncAppender[ASYNC_FILE_JSON] - Attaching appender named [FILE_JSON] to AsyncAppender.
17:31:55,758 |-INFO in ch.qos.logback.classic.AsyncAppender[ASYNC_FILE_JSON] - Setting discardingThreshold to 0
17:31:55,759 |-INFO in ch.qos.logback.core.model.processor.AppenderModelHandler - Processing appender named [AI_CHAT_LOG]
17:31:55,759 |-INFO in ch.qos.logback.core.model.processor.AppenderModelHandler - About to instantiate appender of type [ch.qos.logback.core.rolling.RollingFileAppender]
17:31:55,759 |-INFO in c.q.l.core.rolling.TimeBasedRollingPolicy@1825903149 - No compression will be used
17:31:55,759 |-INFO in c.q.l.core.rolling.TimeBasedRollingPolicy@1825903149 - Will use the pattern logs/%d{yyyy-MM-dd}/ai-chat-trace-%d{yyyy-MM-dd}.%i.json.log for the active file
17:31:55,760 |-INFO in ch.qos.logback.core.rolling.SizeAndTimeBasedFNATP@2c7a8af2 - The date pattern is 'yyyy-MM-dd' from file name pattern 'logs/%d{yyyy-MM-dd}/ai-chat-trace-%d{yyyy-MM-dd}.%i.json.log'.
17:31:55,760 |-INFO in ch.qos.logback.core.rolling.SizeAndTimeBasedFNATP@2c7a8af2 - Roll-over at midnight.
17:31:55,760 |-INFO in ch.qos.logback.core.rolling.SizeAndTimeBasedFNATP@2c7a8af2 - Setting initial period to 2026-05-04T09:31:55.760Z
17:31:55,760 |-WARN in ch.qos.logback.core.rolling.SizeAndTimeBasedFNATP@2c7a8af2 - SizeAndTimeBasedFNATP is deprecated. Use SizeAndTimeBasedRollingPolicy instead
17:31:55,760 |-WARN in ch.qos.logback.core.rolling.SizeAndTimeBasedFNATP@2c7a8af2 - For more information see http://logback.qos.ch/manual/appenders.html#SizeAndTimeBasedRollingPolicy
17:31:55,762 |-INFO in ch.qos.logback.core.rolling.RollingFileAppender[AI_CHAT_LOG] - Active log file name: logs/2026-05-04/ai-chat-trace-2026-05-04.0.json.log
17:31:55,762 |-INFO in ch.qos.logback.core.rolling.RollingFileAppender[AI_CHAT_LOG] - File property is set to [null]
17:31:55,762 |-INFO in ch.qos.logback.core.model.processor.AppenderModelHandler - Processing appender named [ASYNC_AI_CHAT]
17:31:55,762 |-INFO in ch.qos.logback.core.model.processor.AppenderModelHandler - About to instantiate appender of type [ch.qos.logback.classic.AsyncAppender]
17:31:55,763 |-INFO in ch.qos.logback.core.model.processor.AppenderRefModelHandler - Attaching appender named [AI_CHAT_LOG] to ch.qos.logback.classic.AsyncAppender[ASYNC_AI_CHAT]
17:31:55,763 |-INFO in ch.qos.logback.classic.AsyncAppender[ASYNC_AI_CHAT] - Attaching appender named [AI_CHAT_LOG] to AsyncAppender.
17:31:55,763 |-INFO in ch.qos.logback.classic.AsyncAppender[ASYNC_AI_CHAT] - Setting discardingThreshold to 0
17:31:55,764 |-INFO in ch.qos.logback.classic.model.processor.LoggerModelHandler - Setting level of logger [com.ticket.aichat.service.impl.AIChatServiceImpl] to INFO
17:31:55,764 |-INFO in ch.qos.logback.classic.jul.LevelChangePropagator@14fa92af - Propagating INFO level on Logger[com.ticket.aichat.service.impl.AIChatServiceImpl] onto the JUL framework
17:31:55,765 |-INFO in ch.qos.logback.classic.model.processor.LoggerModelHandler - Setting additivity of logger [com.ticket.aichat.service.impl.AIChatServiceImpl] to false
17:31:55,765 |-INFO in ch.qos.logback.core.model.processor.AppenderRefModelHandler - Attaching appender named [CONSOLE] to Logger[com.ticket.aichat.service.impl.AIChatServiceImpl]
17:31:55,765 |-INFO in ch.qos.logback.core.model.processor.AppenderRefModelHandler - Attaching appender named [ASYNC_AI_CHAT] to Logger[com.ticket.aichat.service.impl.AIChatServiceImpl]
17:31:55,765 |-INFO in ch.qos.logback.classic.model.processor.LoggerModelHandler - Setting level of logger [dev.langchain4j] to INFO
17:31:55,765 |-INFO in ch.qos.logback.classic.jul.LevelChangePropagator@14fa92af - Propagating INFO level on Logger[dev.langchain4j] onto the JUL framework
17:31:55,765 |-INFO in ch.qos.logback.classic.model.processor.LoggerModelHandler - Setting level of logger [com.ticket.aichat.service.impl] to DEBUG
17:31:55,765 |-INFO in ch.qos.logback.classic.jul.LevelChangePropagator@14fa92af - Propagating DEBUG level on Logger[com.ticket.aichat.service.impl] onto the JUL framework
17:31:55,765 |-INFO in ch.qos.logback.classic.model.processor.LoggerModelHandler - Setting level of logger [com.ticket.aichat.controller.AIChatController] to DEBUG
17:31:55,765 |-INFO in ch.qos.logback.classic.jul.LevelChangePropagator@14fa92af - Propagating DEBUG level on Logger[com.ticket.aichat.controller.AIChatController] onto the JUL framework
17:31:55,765 |-INFO in ch.qos.logback.classic.model.processor.LoggerModelHandler - Setting level of logger [com.ticket.aichat.tool.AIBusinessTool] to DEBUG
17:31:55,765 |-INFO in ch.qos.logback.classic.jul.LevelChangePropagator@14fa92af - Propagating DEBUG level on Logger[com.ticket.aichat.tool.AIBusinessTool] onto the JUL framework
17:31:55,765 |-INFO in ch.qos.logback.classic.model.processor.LoggerModelHandler - Setting level of logger [com.ticket.aichat.mapper] to DEBUG
17:31:55,765 |-INFO in ch.qos.logback.classic.jul.LevelChangePropagator@14fa92af - Propagating DEBUG level on Logger[com.ticket.aichat.mapper] onto the JUL framework
17:31:55,765 |-INFO in ch.qos.logback.classic.model.processor.RootLoggerModelHandler - Setting level of ROOT logger to INFO
17:31:55,765 |-INFO in ch.qos.logback.classic.jul.LevelChangePropagator@14fa92af - Propagating INFO level on Logger[ROOT] onto the JUL framework
17:31:55,765 |-INFO in ch.qos.logback.core.model.processor.AppenderRefModelHandler - Attaching appender named [CONSOLE] to Logger[ROOT]
17:31:55,766 |-INFO in ch.qos.logback.core.model.processor.AppenderRefModelHandler - Attaching appender named [ASYNC_FILE_JSON] to Logger[ROOT]
17:31:55,766 |-INFO in ch.qos.logback.core.model.processor.DefaultProcessor@10c07b8d - End of configuration.
17:31:55,766 |-INFO in org.springframework.boot.logging.logback.SpringBootJoranConfigurator@720bf653 - Registering current configuration as safe fallback point

17:31:56,538 |-INFO in ch.qos.logback.classic.AsyncAppender[ASYNC_FILE_JSON] - Worker thread will flush remaining events before exiting. 
17:31:56,540 |-INFO in ch.qos.logback.classic.AsyncAppender[ASYNC_FILE_JSON] - Queue flush finished successfully within timeout.
17:31:56,540 |-INFO in ch.qos.logback.classic.AsyncAppender[ASYNC_AI_CHAT] - Worker thread will flush remaining events before exiting. 
17:31:56,540 |-INFO in ch.qos.logback.classic.AsyncAppender[ASYNC_AI_CHAT] - Queue flush finished successfully within timeout.
17:31:56,546 |-INFO in ch.qos.logback.core.joran.util.ConfigurationWatchListUtil@47ffe971 - Adding [jar:file:/C:/Users/LENOVO/.m2/repository/org/springframework/boot/spring-boot/3.2.0/spring-boot-3.2.0.jar!/org/springframework/boot/logging/logback/defaults.xml] to configuration watch list.
17:31:56,546 |-INFO in ch.qos.logback.core.joran.spi.ConfigurationWatchList@518ddd3b - URL [jar:file:/C:/Users/LENOVO/.m2/repository/org/springframework/boot/spring-boot/3.2.0/spring-boot-3.2.0.jar!/org/springframework/boot/logging/logback/defaults.xml] is not of type file
17:31:56,548 |-INFO in ch.qos.logback.core.joran.action.ConversionRuleAction - registering conversion word clr with class [org.springframework.boot.logging.logback.ColorConverter]
17:31:56,548 |-INFO in ch.qos.logback.core.joran.action.ConversionRuleAction - registering conversion word correlationId with class [org.springframework.boot.logging.logback.CorrelationIdConverter]
17:31:56,548 |-INFO in ch.qos.logback.core.joran.action.ConversionRuleAction - registering conversion word wex with class [org.springframework.boot.logging.logback.WhitespaceThrowableProxyConverter]
17:31:56,548 |-INFO in ch.qos.logback.core.joran.action.ConversionRuleAction - registering conversion word wEx with class [org.springframework.boot.logging.logback.ExtendedWhitespaceThrowableProxyConverter]
17:31:56,549 |-INFO in ch.qos.logback.core.joran.util.ConfigurationWatchListUtil@47ffe971 - Adding [jar:file:/C:/Users/LENOVO/.m2/repository/com/ticket/ticket-common/2.0.0/ticket-common-2.0.0.jar!/logback-base.xml] to configuration watch list.
17:31:56,549 |-INFO in ch.qos.logback.core.joran.spi.ConfigurationWatchList@518ddd3b - URL [jar:file:/C:/Users/LENOVO/.m2/repository/com/ticket/ticket-common/2.0.0/ticket-common-2.0.0.jar!/logback-base.xml] is not of type file
17:31:56,553 |-INFO in ch.qos.logback.classic.model.processor.LoggerModelHandler - Setting level of logger [org.apache.catalina.startup.DigesterFactory] to ERROR
17:31:56,553 |-INFO in ch.qos.logback.classic.jul.LevelChangePropagator@939ff41 - Propagating ERROR level on Logger[org.apache.catalina.startup.DigesterFactory] onto the JUL framework
17:31:56,553 |-INFO in ch.qos.logback.classic.model.processor.LoggerModelHandler - Setting level of logger [org.apache.catalina.util.LifecycleBase] to ERROR
17:31:56,553 |-INFO in ch.qos.logback.classic.jul.LevelChangePropagator@939ff41 - Propagating ERROR level on Logger[org.apache.catalina.util.LifecycleBase] onto the JUL framework
17:31:56,553 |-INFO in ch.qos.logback.classic.model.processor.LoggerModelHandler - Setting level of logger [org.apache.coyote.http11.Http11NioProtocol] to WARN
17:31:56,553 |-INFO in ch.qos.logback.classic.jul.LevelChangePropagator@939ff41 - Propagating WARN level on Logger[org.apache.coyote.http11.Http11NioProtocol] onto the JUL framework
17:31:56,553 |-INFO in ch.qos.logback.classic.model.processor.LoggerModelHandler - Setting level of logger [org.apache.sshd.common.util.SecurityUtils] to WARN
17:31:56,553 |-INFO in ch.qos.logback.classic.jul.LevelChangePropagator@939ff41 - Propagating WARN level on Logger[org.apache.sshd.common.util.SecurityUtils] onto the JUL framework
17:31:56,553 |-INFO in ch.qos.logback.classic.model.processor.LoggerModelHandler - Setting level of logger [org.apache.tomcat.util.net.NioSelectorPool] to WARN
17:31:56,553 |-INFO in ch.qos.logback.classic.jul.LevelChangePropagator@939ff41 - Propagating WARN level on Logger[org.apache.tomcat.util.net.NioSelectorPool] onto the JUL framework
17:31:56,553 |-INFO in ch.qos.logback.classic.model.processor.LoggerModelHandler - Setting level of logger [org.eclipse.jetty.util.component.AbstractLifeCycle] to ERROR
17:31:56,553 |-INFO in ch.qos.logback.classic.jul.LevelChangePropagator@939ff41 - Propagating ERROR level on Logger[org.eclipse.jetty.util.component.AbstractLifeCycle] onto the JUL framework
17:31:56,553 |-INFO in ch.qos.logback.classic.model.processor.LoggerModelHandler - Setting level of logger [org.hibernate.validator.internal.util.Version] to WARN
17:31:56,553 |-INFO in ch.qos.logback.classic.jul.LevelChangePropagator@939ff41 - Propagating WARN level on Logger[org.hibernate.validator.internal.util.Version] onto the JUL framework
17:31:56,553 |-INFO in ch.qos.logback.classic.model.processor.LoggerModelHandler - Setting level of logger [org.springframework.boot.actuate.endpoint.jmx] to WARN
17:31:56,553 |-INFO in ch.qos.logback.classic.jul.LevelChangePropagator@939ff41 - Propagating WARN level on Logger[org.springframework.boot.actuate.endpoint.jmx] onto the JUL framework
17:31:56,553 |-INFO in ch.qos.logback.core.model.processor.AppenderModelHandler - Processing appender named [CONSOLE]
17:31:56,553 |-INFO in ch.qos.logback.core.model.processor.AppenderModelHandler - About to instantiate appender of type [ch.qos.logback.core.ConsoleAppender]
17:31:56,553 |-INFO in ch.qos.logback.core.model.processor.ImplicitModelHandler - Assuming default type [ch.qos.logback.classic.encoder.PatternLayoutEncoder] for [encoder] property
17:31:56,554 |-INFO in ch.qos.logback.core.model.processor.AppenderModelHandler - Processing appender named [FILE_JSON]
17:31:56,554 |-INFO in ch.qos.logback.core.model.processor.AppenderModelHandler - About to instantiate appender of type [ch.qos.logback.core.rolling.RollingFileAppender]
17:31:56,554 |-INFO in c.q.l.core.rolling.TimeBasedRollingPolicy@1846435308 - No compression will be used
17:31:56,554 |-INFO in c.q.l.core.rolling.TimeBasedRollingPolicy@1846435308 - Will use the pattern logs/%d{yyyy-MM-dd}/aichat-service-%d{yyyy-MM-dd}.%i.json.log for the active file
17:31:56,555 |-INFO in ch.qos.logback.core.rolling.SizeAndTimeBasedFNATP@48a663e9 - The date pattern is 'yyyy-MM-dd' from file name pattern 'logs/%d{yyyy-MM-dd}/aichat-service-%d{yyyy-MM-dd}.%i.json.log'.
17:31:56,555 |-INFO in ch.qos.logback.core.rolling.SizeAndTimeBasedFNATP@48a663e9 - Roll-over at midnight.
17:31:56,555 |-INFO in ch.qos.logback.core.rolling.SizeAndTimeBasedFNATP@48a663e9 - Setting initial period to 2026-05-04T09:31:56.555Z
17:31:56,555 |-WARN in ch.qos.logback.core.rolling.SizeAndTimeBasedFNATP@48a663e9 - SizeAndTimeBasedFNATP is deprecated. Use SizeAndTimeBasedRollingPolicy instead
17:31:56,555 |-WARN in ch.qos.logback.core.rolling.SizeAndTimeBasedFNATP@48a663e9 - For more information see http://logback.qos.ch/manual/appenders.html#SizeAndTimeBasedRollingPolicy
17:31:56,559 |-INFO in ch.qos.logback.core.rolling.RollingFileAppender[FILE_JSON] - Active log file name: logs/2026-05-04/aichat-service-2026-05-04.0.json.log
17:31:56,559 |-INFO in ch.qos.logback.core.rolling.RollingFileAppender[FILE_JSON] - File property is set to [null]
17:31:56,559 |-INFO in ch.qos.logback.core.model.processor.AppenderModelHandler - Processing appender named [ASYNC_FILE_JSON]
17:31:56,559 |-INFO in ch.qos.logback.core.model.processor.AppenderModelHandler - About to instantiate appender of type [ch.qos.logback.classic.AsyncAppender]
17:31:56,560 |-INFO in ch.qos.logback.core.model.processor.AppenderRefModelHandler - Attaching appender named [FILE_JSON] to ch.qos.logback.classic.AsyncAppender[ASYNC_FILE_JSON]
17:31:56,560 |-INFO in ch.qos.logback.classic.AsyncAppender[ASYNC_FILE_JSON] - Attaching appender named [FILE_JSON] to AsyncAppender.
17:31:56,560 |-INFO in ch.qos.logback.classic.AsyncAppender[ASYNC_FILE_JSON] - Setting discardingThreshold to 0
17:31:56,560 |-INFO in ch.qos.logback.core.model.processor.AppenderModelHandler - Processing appender named [AI_CHAT_LOG]
17:31:56,560 |-INFO in ch.qos.logback.core.model.processor.AppenderModelHandler - About to instantiate appender of type [ch.qos.logback.core.rolling.RollingFileAppender]
17:31:56,562 |-INFO in c.q.l.core.rolling.TimeBasedRollingPolicy@2004683715 - No compression will be used
17:31:56,562 |-INFO in c.q.l.core.rolling.TimeBasedRollingPolicy@2004683715 - Will use the pattern logs/%d{yyyy-MM-dd}/ai-chat-trace-%d{yyyy-MM-dd}.%i.json.log for the active file
17:31:56,563 |-INFO in ch.qos.logback.core.rolling.SizeAndTimeBasedFNATP@3178219a - The date pattern is 'yyyy-MM-dd' from file name pattern 'logs/%d{yyyy-MM-dd}/ai-chat-trace-%d{yyyy-MM-dd}.%i.json.log'.
17:31:56,563 |-INFO in ch.qos.logback.core.rolling.SizeAndTimeBasedFNATP@3178219a - Roll-over at midnight.
17:31:56,564 |-INFO in ch.qos.logback.core.rolling.SizeAndTimeBasedFNATP@3178219a - Setting initial period to 2026-05-04T09:31:56.563Z
17:31:56,564 |-WARN in ch.qos.logback.core.rolling.SizeAndTimeBasedFNATP@3178219a - SizeAndTimeBasedFNATP is deprecated. Use SizeAndTimeBasedRollingPolicy instead
17:31:56,564 |-WARN in ch.qos.logback.core.rolling.SizeAndTimeBasedFNATP@3178219a - For more information see http://logback.qos.ch/manual/appenders.html#SizeAndTimeBasedRollingPolicy
17:31:56,567 |-INFO in ch.qos.logback.core.rolling.RollingFileAppender[AI_CHAT_LOG] - Active log file name: logs/2026-05-04/ai-chat-trace-2026-05-04.0.json.log
17:31:56,567 |-INFO in ch.qos.logback.core.rolling.RollingFileAppender[AI_CHAT_LOG] - File property is set to [null]
17:31:56,567 |-INFO in ch.qos.logback.core.model.processor.AppenderModelHandler - Processing appender named [ASYNC_AI_CHAT]
17:31:56,567 |-INFO in ch.qos.logback.core.model.processor.AppenderModelHandler - About to instantiate appender of type [ch.qos.logback.classic.AsyncAppender]
17:31:56,567 |-INFO in ch.qos.logback.core.model.processor.AppenderRefModelHandler - Attaching appender named [AI_CHAT_LOG] to ch.qos.logback.classic.AsyncAppender[ASYNC_AI_CHAT]
17:31:56,567 |-INFO in ch.qos.logback.classic.AsyncAppender[ASYNC_AI_CHAT] - Attaching appender named [AI_CHAT_LOG] to AsyncAppender.
17:31:56,567 |-INFO in ch.qos.logback.classic.AsyncAppender[ASYNC_AI_CHAT] - Setting discardingThreshold to 0
17:31:56,568 |-INFO in ch.qos.logback.classic.model.processor.LoggerModelHandler - Setting level of logger [com.ticket.aichat.service.impl.AIChatServiceImpl] to INFO
17:31:56,568 |-INFO in ch.qos.logback.classic.jul.LevelChangePropagator@939ff41 - Propagating INFO level on Logger[com.ticket.aichat.service.impl.AIChatServiceImpl] onto the JUL framework
17:31:56,568 |-INFO in ch.qos.logback.classic.model.processor.LoggerModelHandler - Setting additivity of logger [com.ticket.aichat.service.impl.AIChatServiceImpl] to false
17:31:56,568 |-INFO in ch.qos.logback.core.model.processor.AppenderRefModelHandler - Attaching appender named [CONSOLE] to Logger[com.ticket.aichat.service.impl.AIChatServiceImpl]
17:31:56,568 |-INFO in ch.qos.logback.core.model.processor.AppenderRefModelHandler - Attaching appender named [ASYNC_AI_CHAT] to Logger[com.ticket.aichat.service.impl.AIChatServiceImpl]
17:31:56,568 |-INFO in ch.qos.logback.classic.model.processor.LoggerModelHandler - Setting level of logger [dev.langchain4j] to INFO
17:31:56,568 |-INFO in ch.qos.logback.classic.jul.LevelChangePropagator@939ff41 - Propagating INFO level on Logger[dev.langchain4j] onto the JUL framework
17:31:56,568 |-INFO in ch.qos.logback.classic.model.processor.LoggerModelHandler - Setting level of logger [com.ticket.aichat.service.impl] to DEBUG
17:31:56,568 |-INFO in ch.qos.logback.classic.jul.LevelChangePropagator@939ff41 - Propagating DEBUG level on Logger[com.ticket.aichat.service.impl] onto the JUL framework
17:31:56,568 |-INFO in ch.qos.logback.classic.model.processor.LoggerModelHandler - Setting level of logger [com.ticket.aichat.controller.AIChatController] to DEBUG
17:31:56,568 |-INFO in ch.qos.logback.classic.jul.LevelChangePropagator@939ff41 - Propagating DEBUG level on Logger[com.ticket.aichat.controller.AIChatController] onto the JUL framework
17:31:56,568 |-INFO in ch.qos.logback.classic.model.processor.LoggerModelHandler - Setting level of logger [com.ticket.aichat.tool.AIBusinessTool] to DEBUG
17:31:56,568 |-INFO in ch.qos.logback.classic.jul.LevelChangePropagator@939ff41 - Propagating DEBUG level on Logger[com.ticket.aichat.tool.AIBusinessTool] onto the JUL framework
17:31:56,568 |-INFO in ch.qos.logback.classic.model.processor.LoggerModelHandler - Setting level of logger [com.ticket.aichat.mapper] to DEBUG
17:31:56,568 |-INFO in ch.qos.logback.classic.jul.LevelChangePropagator@939ff41 - Propagating DEBUG level on Logger[com.ticket.aichat.mapper] onto the JUL framework
17:31:56,568 |-INFO in ch.qos.logback.classic.model.processor.RootLoggerModelHandler - Setting level of ROOT logger to INFO
17:31:56,568 |-INFO in ch.qos.logback.classic.jul.LevelChangePropagator@939ff41 - Propagating INFO level on Logger[ROOT] onto the JUL framework
17:31:56,568 |-INFO in ch.qos.logback.core.model.processor.AppenderRefModelHandler - Attaching appender named [CONSOLE] to Logger[ROOT]
17:31:56,568 |-INFO in ch.qos.logback.core.model.processor.AppenderRefModelHandler - Attaching appender named [ASYNC_FILE_JSON] to Logger[ROOT]
17:31:56,568 |-INFO in ch.qos.logback.core.model.processor.DefaultProcessor@2d85fb64 - End of configuration.
17:31:56,568 |-INFO in org.springframework.boot.logging.logback.SpringBootJoranConfigurator@56476c16 - Registering current configuration as safe fallback point


  .   ____          _            __ _ _
 /\\ / ___'_ __ _ _(_)_ __  __ _ \ \ \ \
( ( )\___ | '_ | '_| | '_ \/ _` | \ \ \ \
 \\/  ___)| |_)| | | | | || (_| |  ) ) ) )
  '  |____| .__|_| |_|_| |_\__, | / / / /
 =========|_|==============|___/=/_/_/_/
 :: Spring Boot ::                (v3.2.0)

2026-05-04 17:31:57.431 [main] [] INFO  c.t.aichat.AiChatServiceContextIT - The following 1 profile is active: "test"
2026-05-04 17:32:02.900 [main] [] WARN  o.s.c.s.PostProcessorRegistrationDelegate$BeanPostProcessorChecker - Bean 'org.apache.rocketmq.spring.autoconfigure.ListenerContainerConfiguration' of type [org.apache.rocketmq.spring.autoconfigure.ListenerContainerConfiguration$$SpringCGLIB$$0] is not eligible for getting processed by all BeanPostProcessors (for example: not eligible for auto-proxying). Is this bean getting eagerly injected into a currently created BeanPostProcessor [org.apache.rocketmq.spring.annotation.RocketMQMessageListenerBeanPostProcessor]? Check the corresponding BeanPostProcessor declaration and its dependencies.
2026-05-04 17:32:02.915 [main] [] WARN  o.s.c.s.PostProcessorRegistrationDelegate$BeanPostProcessorChecker - Bean 'org.apache.rocketmq.spring.autoconfigure.MessageConverterConfiguration' of type [org.apache.rocketmq.spring.autoconfigure.MessageConverterConfiguration$$SpringCGLIB$$0] is not eligible for getting processed by all BeanPostProcessors (for example: not eligible for auto-proxying). Is this bean getting eagerly injected into a currently created BeanPostProcessor [org.apache.rocketmq.spring.annotation.RocketMQMessageListenerBeanPostProcessor]? Check the corresponding BeanPostProcessor declaration and its dependencies.
2026-05-04 17:32:03.024 [main] [] WARN  o.s.c.s.PostProcessorRegistrationDelegate$BeanPostProcessorChecker - Bean 'createRocketMQMessageConverter' of type [org.apache.rocketmq.spring.support.RocketMQMessageConverter] is not eligible for getting processed by all BeanPostProcessors (for example: not eligible for auto-proxying). Is this bean getting eagerly injected into a currently created BeanPostProcessor [org.apache.rocketmq.spring.annotation.RocketMQMessageListenerBeanPostProcessor]? Check the corresponding BeanPostProcessor declaration and its dependencies.
2026-05-04 17:32:03.038 [main] [] WARN  o.s.c.s.PostProcessorRegistrationDelegate$BeanPostProcessorChecker - Bean 'org.springframework.cloud.commons.config.CommonsConfigAutoConfiguration' of type [org.springframework.cloud.commons.config.CommonsConfigAutoConfiguration] is not eligible for getting processed by all BeanPostProcessors (for example: not eligible for auto-proxying). Is this bean getting eagerly injected into a currently created BeanPostProcessor [org.apache.rocketmq.spring.annotation.RocketMQMessageListenerBeanPostProcessor]? Check the corresponding BeanPostProcessor declaration and its dependencies.
2026-05-04 17:32:03.046 [main] [] WARN  o.s.c.s.PostProcessorRegistrationDelegate$BeanPostProcessorChecker - Bean 'org.springframework.cloud.client.loadbalancer.LoadBalancerDefaultMappingsProviderAutoConfiguration' of type [org.springframework.cloud.client.loadbalancer.LoadBalancerDefaultMappingsProviderAutoConfiguration] is not eligible for getting processed by all BeanPostProcessors (for example: not eligible for auto-proxying). Is this bean getting eagerly injected into a currently created BeanPostProcessor [org.apache.rocketmq.spring.annotation.RocketMQMessageListenerBeanPostProcessor]? Check the corresponding BeanPostProcessor declaration and its dependencies.
2026-05-04 17:32:03.051 [main] [] WARN  o.s.c.s.PostProcessorRegistrationDelegate$BeanPostProcessorChecker - Bean 'loadBalancerClientsDefaultsMappingsProvider' of type [org.springframework.cloud.client.loadbalancer.LoadBalancerDefaultMappingsProviderAutoConfiguration$$Lambda$1124/0x0000000801328da0] is not eligible for getting processed by all BeanPostProcessors (for example: not eligible for auto-proxying). Is this bean getting eagerly injected into a currently created BeanPostProcessor [org.apache.rocketmq.spring.annotation.RocketMQMessageListenerBeanPostProcessor]? Check the corresponding BeanPostProcessor declaration and its dependencies.
2026-05-04 17:32:03.064 [main] [] WARN  o.s.c.s.PostProcessorRegistrationDelegate$BeanPostProcessorChecker - Bean 'defaultsBindHandlerAdvisor' of type [org.springframework.cloud.commons.config.DefaultsBindHandlerAdvisor] is not eligible for getting processed by all BeanPostProcessors (for example: not eligible for auto-proxying). Is this bean getting eagerly injected into a currently created BeanPostProcessor [org.apache.rocketmq.spring.annotation.RocketMQMessageListenerBeanPostProcessor]? Check the corresponding BeanPostProcessor declaration and its dependencies.
2026-05-04 17:32:03.098 [main] [] WARN  o.s.c.s.PostProcessorRegistrationDelegate$BeanPostProcessorChecker - Bean 'rocketmq-org.apache.rocketmq.spring.autoconfigure.RocketMQProperties' of type [org.apache.rocketmq.spring.autoconfigure.RocketMQProperties] is not eligible for getting processed by all BeanPostProcessors (for example: not eligible for auto-proxying). Is this bean getting eagerly injected into a currently created BeanPostProcessor [org.apache.rocketmq.spring.annotation.RocketMQMessageListenerBeanPostProcessor]? Check the corresponding BeanPostProcessor declaration and its dependencies.
2026-05-04 17:32:03.117 [main] [] WARN  o.s.c.s.PostProcessorRegistrationDelegate$BeanPostProcessorChecker - Bean 'rocketMQMessageListenerContainerRegistrar' of type [org.apache.rocketmq.spring.support.RocketMQMessageListenerContainerRegistrar] is not eligible for getting processed by all BeanPostProcessors (for example: not eligible for auto-proxying). Is this bean getting eagerly injected into a currently created BeanPostProcessor [org.apache.rocketmq.spring.annotation.RocketMQMessageListenerBeanPostProcessor]? Check the corresponding BeanPostProcessor declaration and its dependencies.
2026-05-04 17:32:03.170 [main] [] WARN  o.s.c.s.PostProcessorRegistrationDelegate$BeanPostProcessorChecker - Bean 'org.springframework.cloud.client.loadbalancer.LoadBalancerAutoConfiguration$LoadBalancerInterceptorConfig' of type [org.springframework.cloud.client.loadbalancer.LoadBalancerAutoConfiguration$LoadBalancerInterceptorConfig] is not eligible for getting processed by all BeanPostProcessors (for example: not eligible for auto-proxying). The currently created BeanPostProcessor [lbRestClientPostProcessor] is declared through a non-static factory method on that class; consider declaring it as static instead.
2026-05-04 17:32:03.174 [main] [] WARN  o.s.c.s.PostProcessorRegistrationDelegate$BeanPostProcessorChecker - Bean 'org.springframework.cloud.loadbalancer.config.BlockingLoadBalancerClientAutoConfiguration' of type [org.springframework.cloud.loadbalancer.config.BlockingLoadBalancerClientAutoConfiguration] is not eligible for getting processed by all BeanPostProcessors (for example: not eligible for auto-proxying). Is this bean getting eagerly injected into a currently created BeanPostProcessor [lbRestClientPostProcessor]? Check the corresponding BeanPostProcessor declaration and its dependencies.
2026-05-04 17:32:03.178 [main] [] WARN  o.s.c.s.PostProcessorRegistrationDelegate$BeanPostProcessorChecker - Bean 'org.springframework.cloud.loadbalancer.config.LoadBalancerAutoConfiguration' of type [org.springframework.cloud.loadbalancer.config.LoadBalancerAutoConfiguration] is not eligible for getting processed by all BeanPostProcessors (for example: not eligible for auto-proxying). Is this bean getting eagerly injected into a currently created BeanPostProcessor [lbRestClientPostProcessor]? Check the corresponding BeanPostProcessor declaration and its dependencies.
2026-05-04 17:32:03.209 [main] [] WARN  o.s.c.s.PostProcessorRegistrationDelegate$BeanPostProcessorChecker - Bean 'spring.cloud.loadbalancer-org.springframework.cloud.client.loadbalancer.LoadBalancerClientsProperties' of type [org.springframework.cloud.client.loadbalancer.LoadBalancerClientsProperties] is not eligible for getting processed by all BeanPostProcessors (for example: not eligible for auto-proxying). Is this bean getting eagerly injected into a currently created BeanPostProcessor [lbRestClientPostProcessor]? Check the corresponding BeanPostProcessor declaration and its dependencies.
2026-05-04 17:32:03.226 [main] [] WARN  o.s.c.s.PostProcessorRegistrationDelegate$BeanPostProcessorChecker - Bean 'default.org.springframework.cloud.loadbalancer.config.LoadBalancerAutoConfiguration.LoadBalancerClientSpecification' of type [org.springframework.cloud.loadbalancer.annotation.LoadBalancerClientSpecification] is not eligible for getting processed by all BeanPostProcessors (for example: not eligible for auto-proxying). Is this bean getting eagerly injected into a currently created BeanPostProcessor [lbRestClientPostProcessor]? Check the corresponding BeanPostProcessor declaration and its dependencies.
2026-05-04 17:32:03.229 [main] [] WARN  o.s.c.s.PostProcessorRegistrationDelegate$BeanPostProcessorChecker - Bean 'default.org.springframework.cloud.loadbalancer.config.BlockingLoadBalancerClientAutoConfiguration.LoadBalancerClientSpecification' of type [org.springframework.cloud.loadbalancer.annotation.LoadBalancerClientSpecification] is not eligible for getting processed by all BeanPostProcessors (for example: not eligible for auto-proxying). Is this bean getting eagerly injected into a currently created BeanPostProcessor [lbRestClientPostProcessor]? Check the corresponding BeanPostProcessor declaration and its dependencies.
2026-05-04 17:32:03.234 [main] [] WARN  o.s.c.s.PostProcessorRegistrationDelegate$BeanPostProcessorChecker - Bean 'loadBalancerClientFactory' of type [org.springframework.cloud.loadbalancer.support.LoadBalancerClientFactory] is not eligible for getting processed by all BeanPostProcessors (for example: not eligible for auto-proxying). Is this bean getting eagerly injected into a currently created BeanPostProcessor [lbRestClientPostProcessor]? Check the corresponding BeanPostProcessor declaration and its dependencies.
2026-05-04 17:32:03.261 [main] [] WARN  o.s.c.s.PostProcessorRegistrationDelegate$BeanPostProcessorChecker - Bean 'blockingLoadBalancerClient' of type [org.springframework.cloud.loadbalancer.blocking.client.BlockingLoadBalancerClient] is not eligible for getting processed by all BeanPostProcessors (for example: not eligible for auto-proxying). Is this bean getting eagerly injected into a currently created BeanPostProcessor [lbRestClientPostProcessor]? Check the corresponding BeanPostProcessor declaration and its dependencies.
2026-05-04 17:32:03.274 [main] [] WARN  o.s.c.s.PostProcessorRegistrationDelegate$BeanPostProcessorChecker - Bean 'loadBalancerServiceInstanceCookieTransformer' of type [org.springframework.cloud.loadbalancer.core.LoadBalancerServiceInstanceCookieTransformer] is not eligible for getting processed by all BeanPostProcessors (for example: not eligible for auto-proxying). Is this bean getting eagerly injected into a currently created BeanPostProcessor [lbRestClientPostProcessor]? Check the corresponding BeanPostProcessor declaration and its dependencies.
2026-05-04 17:32:03.279 [main] [] WARN  o.s.c.s.PostProcessorRegistrationDelegate$BeanPostProcessorChecker - Bean 'xForwarderHeadersTransformer' of type [org.springframework.cloud.loadbalancer.blocking.XForwardedHeadersTransformer] is not eligible for getting processed by all BeanPostProcessors (for example: not eligible for auto-proxying). Is this bean getting eagerly injected into a currently created BeanPostProcessor [lbRestClientPostProcessor]? Check the corresponding BeanPostProcessor declaration and its dependencies.
2026-05-04 17:32:03.283 [main] [] WARN  o.s.c.s.PostProcessorRegistrationDelegate$BeanPostProcessorChecker - Bean 'org.springframework.cloud.client.loadbalancer.LoadBalancerAutoConfiguration' of type [org.springframework.cloud.client.loadbalancer.LoadBalancerAutoConfiguration] is not eligible for getting processed by all BeanPostProcessors (for example: not eligible for auto-proxying). Is this bean getting eagerly injected into a currently created BeanPostProcessor [lbRestClientPostProcessor]? Check the corresponding BeanPostProcessor declaration and its dependencies.
2026-05-04 17:32:03.287 [main] [] WARN  o.s.c.s.PostProcessorRegistrationDelegate$BeanPostProcessorChecker - Bean 'loadBalancerRequestFactory' of type [org.springframework.cloud.client.loadbalancer.LoadBalancerRequestFactory] is not eligible for getting processed by all BeanPostProcessors (for example: not eligible for auto-proxying). Is this bean getting eagerly injected into a currently created BeanPostProcessor [lbRestClientPostProcessor]? Check the corresponding BeanPostProcessor declaration and its dependencies.
2026-05-04 17:32:03.291 [main] [] WARN  o.s.c.s.PostProcessorRegistrationDelegate$BeanPostProcessorChecker - Bean 'loadBalancerInterceptor' of type [org.springframework.cloud.client.loadbalancer.LoadBalancerInterceptor] is not eligible for getting processed by all BeanPostProcessors (for example: not eligible for auto-proxying). Is this bean getting eagerly injected into a currently created BeanPostProcessor [lbRestClientPostProcessor]? Check the corresponding BeanPostProcessor declaration and its dependencies.
2026-05-04 17:32:03.395 [main] [] INFO  c.ticket.aichat.config.AIModelConfig - === 鍒濆鍖朅I瀵硅瘽妯″瀷 ===
2026-05-04 17:32:03.395 [main] [] INFO  c.ticket.aichat.config.AIModelConfig - 妯″瀷绫诲瀷: http-api
2026-05-04 17:32:03.404 [main] [] INFO  c.ticket.aichat.config.AIModelConfig - 浣跨敤HTTP API
2026-05-04 17:32:03.404 [main] [] INFO  c.ticket.aichat.config.AIModelConfig - API鍦板潃: https://api.cphone.vip/v1
2026-05-04 17:32:04.344 [main] [] INFO  c.t.aichat.config.ChromaDBConfig - 杩炴帴 ChromaDB: http://192.168.48.135:8000
2026-05-04 17:32:09.666 [main] [] WARN  c.t.aichat.config.ChromaDBConfig - ChromaDB 涓嶅彲鐢紝闄嶇骇涓哄唴瀛樺悜閲忓簱: java.io.InterruptedIOException: timeout
2026-05-04 17:32:09.694 [main] [] INFO  c.ticket.aichat.config.AIModelConfig - === 鍒濆鍖朅I鍚戦噺鍖栨ā鍨� ===
2026-05-04 17:32:09.700 [main] [] INFO  c.ticket.aichat.config.AIModelConfig - 妯″瀷绫诲瀷: http-api
2026-05-04 17:32:09.701 [main] [] INFO  c.ticket.aichat.config.AIModelConfig - 浣跨敤http-api鍏煎鐨勫祵鍏ユā鍨�
2026-05-04 17:32:09.973 [main] [] INFO  com.ticket.aichat.config.RAGConfig - === 鍒濆鍖� RAG 鏈嶅姟锛堥泦鎴愪笟鍔″伐鍏凤級 ===
2026-05-04 17:32:09.974 [main] [] INFO  com.ticket.aichat.config.RAGConfig - 鏈�澶ф绱㈡暟: 3
2026-05-04 17:32:09.974 [main] [] INFO  com.ticket.aichat.config.RAGConfig - 鏈�浣庣浉浼煎害: 0.7
2026-05-04 17:32:10.420 [main] [] ERROR c.alibaba.druid.pool.DruidDataSource - testWhileIdle is true, validationQuery not set
 _ _   |_  _ _|_. ___ _ |    _ 
| | |\/|_)(_| | |_\  |_)||_|_\ 
     /               |         
                        3.5.5 
2026-05-04 17:32:12.285 [main] [] INFO  c.t.a.s.DocumentIngestionService - 鐭ヨ瘑搴撳垵濮嬪寲宸茬鐢紙knowledge.init-on-startup=false锛�
2026-05-04 17:32:12.359 [main] [] INFO  c.ticket.aichat.config.AIModelConfig - === 鍒濆鍖朅I娴佸紡瀵硅瘽妯″瀷 ===
2026-05-04 17:32:12.359 [main] [] INFO  c.ticket.aichat.config.AIModelConfig - 妯″瀷绫诲瀷: http-api
2026-05-04 17:32:12.360 [main] [] INFO  c.ticket.aichat.config.AIModelConfig - 浣跨敤HTTP API娴佸紡妯″瀷
2026-05-04 17:32:12.360 [main] [] INFO  c.ticket.aichat.config.AIModelConfig - API鍦板潃: https://api.cphone.vip/v1
2026-05-04 17:32:12.501 [main] [] INFO  com.ticket.aichat.config.RAGConfig - === 鍒濆鍖栨祦寮� RAG 鏈嶅姟锛堥泦鎴愪笟鍔″伐鍏凤級 ===
2026-05-04 17:32:14.021 [main] [] WARN  o.r.c.SequentialDnsAddressResolverFactory - DNS TCP fallback on UDP query timeout disabled. Upgrade Netty to 4.1.105 or higher.
2026-05-04 17:32:16.058 [main] [] WARN  o.s.c.l.c.LoadBalancerCacheAutoConfiguration$LoadBalancerCaffeineWarnLogger - Spring Cloud LoadBalancer is currently working with the default cache. While this cache implementation is useful for development and tests, it's recommended to use Caffeine cache in production.You can switch to using Caffeine cache, by adding it and org.springframework.cache.caffeine.CaffeineCacheManager to the classpath.
2026-05-04 17:32:16.210 [main] [] INFO  c.t.aichat.AiChatServiceContextIT - Started AiChatServiceContextIT in 21.371 seconds (process running for 22.874)
]]></system-out>
    <system-err><![CDATA[SLF4J: Class path contains multiple SLF4J providers.
SLF4J: Found provider [ch.qos.logback.classic.spi.LogbackServiceProvider@437da279]
SLF4J: Found provider [org.slf4j.simple.SimpleServiceProvider@23c30a20]
SLF4J: See https://www.slf4j.org/codes.html#multiple_bindings for an explanation.
SLF4J: Actual provider is of type [ch.qos.logback.classic.spi.LogbackServiceProvider@437da279]
]]></system-err>
  </testcase>
</testsuite>